[debug] > Exec(early(addDefaultCommands), None, None)
[debug] > Exec(addDefaultCommands, None, None)
[debug] > Exec(early(initialize), None, None)
[debug] > Exec(initialize, None, None)
[debug] > Exec(boot, None, None)
[debug] > Exec(writeSbtVersion, None, None)
[debug] > Exec(reload, None, None)
[debug] > Exec(sbtStashOnFailure, None, None)
[debug] > Exec(onFailure loadFailed, None, None)
[debug] > Exec(loadp, None, None)
[info] welcome to sbt 1.4.1 (Oracle Corporation Java 15.0.1)
[debug]       Load.loadUnit: plugins took 80.1329ms
[debug]       Load.loadUnit: defsScala took 0.2003ms
[debug] [Loading] Scanning directory C:\Users\Alibek\.sbt\1.0\plugins
[debug] [Loading] Found non-root projects 
[debug] [Loading] Done in C:\Users\Alibek\.sbt\1.0\plugins, returning: ()
[debug] deducing auto plugins based on known facts Set(Atom(sbt.plugins.CorePlugin)) and clauses Clauses(List(Clause(Atom(sbt.plugins.JvmPlugin),Set(Atom(sbt.plugins.IvyPlugin))), Clause(Atom(sbt.ScriptedPlugin),Set(Atom(sbt.plugins.JvmPlugin))), Clause(Atom(sbt.plugins.SbtPlugin),Set(Atom(sbt.ScriptedPlugin))), Clause(Atom(sbt.plugins.SemanticdbPlugin),Set(Atom(sbt.plugins.JvmPlugin))), Clause(Atom(sbt.plugins.JUnitXmlReportPlugin),Set(Atom(sbt.plugins.JvmPlugin))), Clause(Atom(sbt.plugins.MiniDependencyTreePlugin),Set(Atom(sbt.plugins.JvmPlugin))), Clause(Atom(sbt.plugins.CorePlugin),Set(Atom(sbt.plugins.IvyPlugin))), Clause(Atom(sbt.plugins.IvyPlugin),Set(Atom(sbt.plugins.JvmPlugin))), Clause(Atom(sbt.plugins.JvmPlugin),Set(Atom(sbt.plugins.SemanticdbPlugin))), Clause(Atom(sbt.plugins.JvmPlugin),Set(Atom(sbt.plugins.JUnitXmlReportPlugin))), Clause(Atom(sbt.plugins.CorePlugin),Set(Atom(sbt.plugins.Giter8TemplatePlugin))), Clause(Atom(sbt.plugins.JvmPlugin),Set(Atom(sbt.plugins.MiniDependencyTreePlugin)))))
[debug]   :: deduced result: Matched(sbt.plugins.CorePlugin,sbt.plugins.Giter8TemplatePlugin,sbt.plugins.IvyPlugin,sbt.plugins.JvmPlugin,sbt.plugins.MiniDependencyTreePlugin,sbt.plugins.JUnitXmlReportPlugin,sbt.plugins.SemanticdbPlugin)
[debug] Plugins.deducer#function took 12.6004 ms
[debug]           Load.resolveProject(global-plugins) took 28.2588ms
[debug]         Load.loadTransitive: finalizeProject(Project(id global-plugins, base: C:\Users\Alibek\.sbt\1.0\plugins, plugins: List(<none>))) took 58.2992ms
[debug] [Loading] Done in C:\Users\Alibek\.sbt\1.0\plugins, returning: (global-plugins)
[debug]       Load.loadUnit: loadedProjectsRaw took 74.4485ms
[debug]       Load.loadUnit: cleanEvalClasses took 0.1465ms
[debug]     Load.loadUnit(file:/C:/Users/Alibek/.sbt/1.0/plugins/, ...) took 161.321899ms
[debug]   Load.apply: load took 272.826801ms
[debug]   Load.apply: resolveProjects took 4.317099ms
[debug]   Load.apply: finalTransforms took 40.469601ms
[debug]   Load.apply: config.delegates took 5.4254ms
[debug]   Load.apply: Def.make(settings)... took 504.6553ms
[debug]   Load.apply: structureIndex took 66.8065ms
[debug]   Load.apply: mkStreams took 0.9269ms
[info] loading global plugins from C:\Users\Alibek\.sbt\1.0\plugins
[debug] Running task... Cancel: Signal, check cycles: false, forcegc: true
[debug] Load.defaultLoad until apply took 1786.614501ms
[debug]           Load.loadUnit: plugins took 15.5842ms
[debug]           Load.loadUnit: defsScala took 0.0027ms
[debug] [Loading] Scanning directory C:\Users\Alibek\IdeaProjects\akka_http\calculator\project
[debug] [Loading] Found non-root projects 
[debug] [Loading] Done in C:\Users\Alibek\IdeaProjects\akka_http\calculator\project, returning: ()
[debug] deducing auto plugins based on known facts Set(Atom(sbt.plugins.CorePlugin)) and clauses Clauses(List(Clause(Atom(sbt.plugins.JvmPlugin),Set(Atom(sbt.plugins.IvyPlugin))), Clause(Atom(sbt.ScriptedPlugin),Set(Atom(sbt.plugins.JvmPlugin))), Clause(Atom(sbt.plugins.SbtPlugin),Set(Atom(sbt.ScriptedPlugin))), Clause(Atom(sbt.plugins.SemanticdbPlugin),Set(Atom(sbt.plugins.JvmPlugin))), Clause(Atom(sbt.plugins.JUnitXmlReportPlugin),Set(Atom(sbt.plugins.JvmPlugin))), Clause(Atom(sbt.plugins.MiniDependencyTreePlugin),Set(Atom(sbt.plugins.JvmPlugin))), Clause(Atom(sbt.plugins.CorePlugin),Set(Atom(sbt.plugins.IvyPlugin))), Clause(Atom(sbt.plugins.IvyPlugin),Set(Atom(sbt.plugins.JvmPlugin))), Clause(Atom(sbt.plugins.JvmPlugin),Set(Atom(sbt.plugins.SemanticdbPlugin))), Clause(Atom(sbt.plugins.JvmPlugin),Set(Atom(sbt.plugins.JUnitXmlReportPlugin))), Clause(Atom(sbt.plugins.CorePlugin),Set(Atom(sbt.plugins.Giter8TemplatePlugin))), Clause(Atom(sbt.plugins.JvmPlugin),Set(Atom(sbt.plugins.MiniDependencyTreePlugin)))))
[debug]   :: deduced result: Matched(sbt.plugins.CorePlugin,sbt.plugins.Giter8TemplatePlugin,sbt.plugins.IvyPlugin,sbt.plugins.JvmPlugin,sbt.plugins.MiniDependencyTreePlugin,sbt.plugins.JUnitXmlReportPlugin,sbt.plugins.SemanticdbPlugin)
[debug] Plugins.deducer#function took 1.1079 ms
[debug]               Load.resolveProject(calculator-build) took 0.8344ms
[debug]             Load.loadTransitive: finalizeProject(Project(id calculator-build, base: C:\Users\Alibek\IdeaProjects\akka_http\calculator\project, plugins: List(<none>))) took 2.2396ms
[debug] [Loading] Done in C:\Users\Alibek\IdeaProjects\akka_http\calculator\project, returning: (calculator-build)
[debug]           Load.loadUnit: loadedProjectsRaw took 3.615601ms
[debug]           Load.loadUnit: cleanEvalClasses took 0.0079ms
[debug]         Load.loadUnit(file:/C:/Users/Alibek/IdeaProjects/akka_http/calculator/project/, ...) took 19.7125ms
[debug]       Load.apply: load took 20.7476ms
[debug]       Load.apply: resolveProjects took 0.0728ms
[debug]       Load.apply: finalTransforms took 9.1094ms
[debug]       Load.apply: config.delegates took 0.332301ms
[debug]       Load.apply: Def.make(settings)... took 54.7556ms
[debug]       Load.apply: structureIndex took 24.242401ms
[debug]       Load.apply: mkStreams took 0.0021ms
[info] loading project definition from C:\Users\Alibek\IdeaProjects\akka_http\calculator\project
[debug] Running task... Cancel: Signal, check cycles: false, forcegc: true
[debug]     Load.loadUnit: plugins took 262.1167ms
[debug]     Load.loadUnit: defsScala took 0.0021ms
[debug] [Loading] Scanning directory C:\Users\Alibek\IdeaProjects\akka_http\calculator
[debug]       Load.loadUnit: mkEval took 3.465199ms
[debug] [Loading] Found non-root projects 
[debug] [Loading] Done in C:\Users\Alibek\IdeaProjects\akka_http\calculator, returning: ()
[debug] deducing auto plugins based on known facts Set(Atom(sbt.plugins.CorePlugin)) and clauses Clauses(List(Clause(Atom(sbt.plugins.JvmPlugin),Set(Atom(sbt.plugins.IvyPlugin))), Clause(Atom(sbt.ScriptedPlugin),Set(Atom(sbt.plugins.JvmPlugin))), Clause(Atom(sbt.plugins.SbtPlugin),Set(Atom(sbt.ScriptedPlugin))), Clause(Atom(sbt.plugins.SemanticdbPlugin),Set(Atom(sbt.plugins.JvmPlugin))), Clause(Atom(sbt.plugins.JUnitXmlReportPlugin),Set(Atom(sbt.plugins.JvmPlugin))), Clause(Atom(sbt.plugins.MiniDependencyTreePlugin),Set(Atom(sbt.plugins.JvmPlugin))), Clause(Atom(sbt.plugins.CorePlugin),Set(Atom(sbt.plugins.IvyPlugin))), Clause(Atom(sbt.plugins.IvyPlugin),Set(Atom(sbt.plugins.JvmPlugin))), Clause(Atom(sbt.plugins.JvmPlugin),Set(Atom(sbt.plugins.SemanticdbPlugin))), Clause(Atom(sbt.plugins.JvmPlugin),Set(Atom(sbt.plugins.JUnitXmlReportPlugin))), Clause(Atom(sbt.plugins.CorePlugin),Set(Atom(sbt.plugins.Giter8TemplatePlugin))), Clause(Atom(sbt.plugins.JvmPlugin),Set(Atom(sbt.plugins.MiniDependencyTreePlugin)))))
[debug]   :: deduced result: Matched(sbt.plugins.CorePlugin,sbt.plugins.Giter8TemplatePlugin,sbt.plugins.IvyPlugin,sbt.plugins.JvmPlugin,sbt.plugins.MiniDependencyTreePlugin,sbt.plugins.JUnitXmlReportPlugin,sbt.plugins.SemanticdbPlugin)
[debug] Plugins.deducer#function took 1.097 ms
[info] loading settings for project calculator from build.sbt ...
[debug]         Load.resolveProject(calculator) took 1.764901ms
[debug]       Load.loadTransitive: finalizeProject(Project(id calculator, base: C:\Users\Alibek\IdeaProjects\akka_http\calculator, plugins: List(<none>))) took 3.218499ms
[debug] [Loading] Done in C:\Users\Alibek\IdeaProjects\akka_http\calculator, returning: (calculator)
[debug]     Load.loadUnit: loadedProjectsRaw took 99.0291ms
[debug]     Load.loadUnit: cleanEvalClasses took 10.3849ms
[debug]   Load.loadUnit(file:/C:/Users/Alibek/IdeaProjects/akka_http/calculator/, ...) took 372.1948ms
[debug] Load.apply: load took 373.525999ms
[debug] Load.apply: resolveProjects took 0.116801ms
[debug] Load.apply: finalTransforms took 6.9261ms
[debug] Load.apply: config.delegates took 0.4097ms
[debug] Load.apply: Def.make(settings)... took 66.8643ms
[debug] Load.apply: structureIndex took 21.005ms
[debug] Load.apply: mkStreams took 0.0025ms
[info] set current project to calculator (in build file:/C:/Users/Alibek/IdeaProjects/akka_http/calculator/)
[debug] > Exec(sbtPopOnFailure, None, None)
[debug] > Exec(resumeFromFailure, None, None)
[debug] > Exec(notifyUsersAboutShell, None, None)
[debug] > Exec(iflast shell, None, None)
[debug] > Exec(run, None, None)
[debug] Evaluating tasks: Compile / run
[debug] Running task... Cancel: Signal, check cycles: false, forcegc: true
[info] compiling 1 Scala source to C:\Users\Alibek\IdeaProjects\akka_http\calculator\target\scala-2.13\classes ...
[warn] 1 deprecation (since 2.13.0); re-run with -deprecation for details
[warn] one warning found
[info] done compiling
