[debug] > Exec(early(addDefaultCommands), None, None)
[debug] > Exec(addDefaultCommands, None, None)
[debug] > Exec(early(initialize), None, None)
[debug] > Exec(initialize, None, None)
[debug] > Exec(boot, None, None)
[debug] > Exec(writeSbtVersion, None, None)
[debug] > Exec(reload, None, None)
[debug] > Exec(sbtStashOnFailure, None, None)
[debug] > Exec(onFailure loadFailed, None, None)
[debug] > Exec(loadp, None, None)
[info] welcome to sbt 1.4.1 (Oracle Corporation Java 15.0.1)
[debug]       Load.loadUnit: plugins took 63.6498ms
[debug]       Load.loadUnit: defsScala took 0.1856ms
[debug] [Loading] Scanning directory C:\Users\Alibek\.sbt\1.0\plugins
[debug] [Loading] Found non-root projects 
[debug] [Loading] Done in C:\Users\Alibek\.sbt\1.0\plugins, returning: ()
[debug] deducing auto plugins based on known facts Set(Atom(sbt.plugins.CorePlugin)) and clauses Clauses(List(Clause(Atom(sbt.plugins.JvmPlugin),Set(Atom(sbt.plugins.IvyPlugin))), Clause(Atom(sbt.ScriptedPlugin),Set(Atom(sbt.plugins.JvmPlugin))), Clause(Atom(sbt.plugins.SbtPlugin),Set(Atom(sbt.ScriptedPlugin))), Clause(Atom(sbt.plugins.SemanticdbPlugin),Set(Atom(sbt.plugins.JvmPlugin))), Clause(Atom(sbt.plugins.JUnitXmlReportPlugin),Set(Atom(sbt.plugins.JvmPlugin))), Clause(Atom(sbt.plugins.MiniDependencyTreePlugin),Set(Atom(sbt.plugins.JvmPlugin))), Clause(Atom(sbt.plugins.CorePlugin),Set(Atom(sbt.plugins.IvyPlugin))), Clause(Atom(sbt.plugins.IvyPlugin),Set(Atom(sbt.plugins.JvmPlugin))), Clause(Atom(sbt.plugins.JvmPlugin),Set(Atom(sbt.plugins.SemanticdbPlugin))), Clause(Atom(sbt.plugins.JvmPlugin),Set(Atom(sbt.plugins.JUnitXmlReportPlugin))), Clause(Atom(sbt.plugins.CorePlugin),Set(Atom(sbt.plugins.Giter8TemplatePlugin))), Clause(Atom(sbt.plugins.JvmPlugin),Set(Atom(sbt.plugins.MiniDependencyTreePlugin)))))
[debug]   :: deduced result: Matched(sbt.plugins.CorePlugin,sbt.plugins.Giter8TemplatePlugin,sbt.plugins.IvyPlugin,sbt.plugins.JvmPlugin,sbt.plugins.MiniDependencyTreePlugin,sbt.plugins.JUnitXmlReportPlugin,sbt.plugins.SemanticdbPlugin)
[debug] Plugins.deducer#function took 15.1788 ms
[debug]           Load.resolveProject(global-plugins) took 31.8783ms
[debug]         Load.loadTransitive: finalizeProject(Project(id global-plugins, base: C:\Users\Alibek\.sbt\1.0\plugins, plugins: List(<none>))) took 65.7386ms
[debug] [Loading] Done in C:\Users\Alibek\.sbt\1.0\plugins, returning: (global-plugins)
[debug]       Load.loadUnit: loadedProjectsRaw took 81.4672ms
[debug]       Load.loadUnit: cleanEvalClasses took 0.1646ms
[debug]     Load.loadUnit(file:/C:/Users/Alibek/.sbt/1.0/plugins/, ...) took 151.7145ms
[debug]   Load.apply: load took 272.8767ms
[debug]   Load.apply: resolveProjects took 4.7649ms
[debug]   Load.apply: finalTransforms took 41.3569ms
[debug]   Load.apply: config.delegates took 5.946ms
[debug]   Load.apply: Def.make(settings)... took 530.2634ms
[debug]   Load.apply: structureIndex took 68.5538ms
[debug]   Load.apply: mkStreams took 0.9408ms
[info] loading global plugins from C:\Users\Alibek\.sbt\1.0\plugins
[debug] Running task... Cancel: Signal, check cycles: false, forcegc: true
[debug] Load.defaultLoad until apply took 1838.5404ms
[debug]           Load.loadUnit: plugins took 16.3459ms
[debug]           Load.loadUnit: defsScala took 0.0029ms
[debug] [Loading] Scanning directory C:\Users\Alibek\IdeaProjects\akka_http\calculator\project
[debug] [Loading] Found non-root projects 
[debug] [Loading] Done in C:\Users\Alibek\IdeaProjects\akka_http\calculator\project, returning: ()
[debug] deducing auto plugins based on known facts Set(Atom(sbt.plugins.CorePlugin)) and clauses Clauses(List(Clause(Atom(sbt.plugins.JvmPlugin),Set(Atom(sbt.plugins.IvyPlugin))), Clause(Atom(sbt.ScriptedPlugin),Set(Atom(sbt.plugins.JvmPlugin))), Clause(Atom(sbt.plugins.SbtPlugin),Set(Atom(sbt.ScriptedPlugin))), Clause(Atom(sbt.plugins.SemanticdbPlugin),Set(Atom(sbt.plugins.JvmPlugin))), Clause(Atom(sbt.plugins.JUnitXmlReportPlugin),Set(Atom(sbt.plugins.JvmPlugin))), Clause(Atom(sbt.plugins.MiniDependencyTreePlugin),Set(Atom(sbt.plugins.JvmPlugin))), Clause(Atom(sbt.plugins.CorePlugin),Set(Atom(sbt.plugins.IvyPlugin))), Clause(Atom(sbt.plugins.IvyPlugin),Set(Atom(sbt.plugins.JvmPlugin))), Clause(Atom(sbt.plugins.JvmPlugin),Set(Atom(sbt.plugins.SemanticdbPlugin))), Clause(Atom(sbt.plugins.JvmPlugin),Set(Atom(sbt.plugins.JUnitXmlReportPlugin))), Clause(Atom(sbt.plugins.CorePlugin),Set(Atom(sbt.plugins.Giter8TemplatePlugin))), Clause(Atom(sbt.plugins.JvmPlugin),Set(Atom(sbt.plugins.MiniDependencyTreePlugin)))))
[debug]   :: deduced result: Matched(sbt.plugins.CorePlugin,sbt.plugins.Giter8TemplatePlugin,sbt.plugins.IvyPlugin,sbt.plugins.JvmPlugin,sbt.plugins.MiniDependencyTreePlugin,sbt.plugins.JUnitXmlReportPlugin,sbt.plugins.SemanticdbPlugin)
[debug] Plugins.deducer#function took 1.2271 ms
[debug]               Load.resolveProject(calculator-build) took 1.0442ms
[debug]             Load.loadTransitive: finalizeProject(Project(id calculator-build, base: C:\Users\Alibek\IdeaProjects\akka_http\calculator\project, plugins: List(<none>))) took 2.5902ms
[debug] [Loading] Done in C:\Users\Alibek\IdeaProjects\akka_http\calculator\project, returning: (calculator-build)
[debug]           Load.loadUnit: loadedProjectsRaw took 3.8393ms
[debug]           Load.loadUnit: cleanEvalClasses took 0.0102ms
[debug]         Load.loadUnit(file:/C:/Users/Alibek/IdeaProjects/akka_http/calculator/project/, ...) took 20.7524ms
[debug]       Load.apply: load took 22.037ms
[debug]       Load.apply: resolveProjects took 0.0907ms
[debug]       Load.apply: finalTransforms took 9.4973ms
[debug]       Load.apply: config.delegates took 0.3618ms
[debug]       Load.apply: Def.make(settings)... took 57.3402ms
[debug]       Load.apply: structureIndex took 24.5944ms
[debug]       Load.apply: mkStreams took 0.0031ms
[info] loading project definition from C:\Users\Alibek\IdeaProjects\akka_http\calculator\project
[debug] Running task... Cancel: Signal, check cycles: false, forcegc: true
[debug]     Load.loadUnit: plugins took 274.7446ms
[debug]     Load.loadUnit: defsScala took 0.0019ms
[debug] [Loading] Scanning directory C:\Users\Alibek\IdeaProjects\akka_http\calculator
[debug]       Load.loadUnit: mkEval took 3.7399ms
[debug] [Loading] Found non-root projects 
[debug] [Loading] Done in C:\Users\Alibek\IdeaProjects\akka_http\calculator, returning: ()
[debug] deducing auto plugins based on known facts Set(Atom(sbt.plugins.CorePlugin)) and clauses Clauses(List(Clause(Atom(sbt.plugins.JvmPlugin),Set(Atom(sbt.plugins.IvyPlugin))), Clause(Atom(sbt.ScriptedPlugin),Set(Atom(sbt.plugins.JvmPlugin))), Clause(Atom(sbt.plugins.SbtPlugin),Set(Atom(sbt.ScriptedPlugin))), Clause(Atom(sbt.plugins.SemanticdbPlugin),Set(Atom(sbt.plugins.JvmPlugin))), Clause(Atom(sbt.plugins.JUnitXmlReportPlugin),Set(Atom(sbt.plugins.JvmPlugin))), Clause(Atom(sbt.plugins.MiniDependencyTreePlugin),Set(Atom(sbt.plugins.JvmPlugin))), Clause(Atom(sbt.plugins.CorePlugin),Set(Atom(sbt.plugins.IvyPlugin))), Clause(Atom(sbt.plugins.IvyPlugin),Set(Atom(sbt.plugins.JvmPlugin))), Clause(Atom(sbt.plugins.JvmPlugin),Set(Atom(sbt.plugins.SemanticdbPlugin))), Clause(Atom(sbt.plugins.JvmPlugin),Set(Atom(sbt.plugins.JUnitXmlReportPlugin))), Clause(Atom(sbt.plugins.CorePlugin),Set(Atom(sbt.plugins.Giter8TemplatePlugin))), Clause(Atom(sbt.plugins.JvmPlugin),Set(Atom(sbt.plugins.MiniDependencyTreePlugin)))))
[debug]   :: deduced result: Matched(sbt.plugins.CorePlugin,sbt.plugins.Giter8TemplatePlugin,sbt.plugins.IvyPlugin,sbt.plugins.JvmPlugin,sbt.plugins.MiniDependencyTreePlugin,sbt.plugins.JUnitXmlReportPlugin,sbt.plugins.SemanticdbPlugin)
[debug] Plugins.deducer#function took 0.9672 ms
[info] loading settings for project calculator from build.sbt ...
[debug]         Load.resolveProject(calculator) took 1.945ms
[debug]       Load.loadTransitive: finalizeProject(Project(id calculator, base: C:\Users\Alibek\IdeaProjects\akka_http\calculator, plugins: List(<none>))) took 3.2987ms
[debug] [Loading] Done in C:\Users\Alibek\IdeaProjects\akka_http\calculator, returning: (calculator)
[debug]     Load.loadUnit: loadedProjectsRaw took 99.7386ms
[debug]     Load.loadUnit: cleanEvalClasses took 8.8913ms
[debug]   Load.loadUnit(file:/C:/Users/Alibek/IdeaProjects/akka_http/calculator/, ...) took 384.0415ms
[debug] Load.apply: load took 385.496ms
[debug] Load.apply: resolveProjects took 0.0893ms
[debug] Load.apply: finalTransforms took 5.8444ms
[debug] Load.apply: config.delegates took 0.2557ms
[debug] Load.apply: Def.make(settings)... took 69.1031ms
[debug] Load.apply: structureIndex took 19.4653ms
[debug] Load.apply: mkStreams took 0.0019ms
[info] set current project to calculator (in build file:/C:/Users/Alibek/IdeaProjects/akka_http/calculator/)
[debug] > Exec(sbtPopOnFailure, None, None)
[debug] > Exec(resumeFromFailure, None, None)
[debug] > Exec(notifyUsersAboutShell, None, None)
[debug] > Exec(iflast shell, None, None)
[debug] > Exec(run, None, None)
[debug] Evaluating tasks: Compile / run
[debug] Running task... Cancel: Signal, check cycles: false, forcegc: true
[info] compiling 1 Scala source to C:\Users\Alibek\IdeaProjects\akka_http\calculator\target\scala-2.13\classes ...
[warn] 1 deprecation (since 2.13.0); re-run with -deprecation for details
[warn] one warning found
[info] done compiling
