[debug] > Exec(early(addDefaultCommands), None, None)
[debug] > Exec(addDefaultCommands, None, None)
[debug] > Exec(early(initialize), None, None)
[debug] > Exec(initialize, None, None)
[debug] > Exec(boot, None, None)
[debug] > Exec(writeSbtVersion, None, None)
[debug] > Exec(reload, None, None)
[debug] > Exec(sbtStashOnFailure, None, None)
[debug] > Exec(onFailure loadFailed, None, None)
[debug] > Exec(loadp, None, None)
[info] welcome to sbt 1.4.1 (Oracle Corporation Java 15.0.1)
[debug]       Load.loadUnit: plugins took 70.2121ms
[debug]       Load.loadUnit: defsScala took 0.2156ms
[debug] [Loading] Scanning directory C:\Users\Alibek\.sbt\1.0\plugins
[debug] [Loading] Found non-root projects 
[debug] [Loading] Done in C:\Users\Alibek\.sbt\1.0\plugins, returning: ()
[debug] deducing auto plugins based on known facts Set(Atom(sbt.plugins.CorePlugin)) and clauses Clauses(List(Clause(Atom(sbt.plugins.JvmPlugin),Set(Atom(sbt.plugins.IvyPlugin))), Clause(Atom(sbt.ScriptedPlugin),Set(Atom(sbt.plugins.JvmPlugin))), Clause(Atom(sbt.plugins.SbtPlugin),Set(Atom(sbt.ScriptedPlugin))), Clause(Atom(sbt.plugins.SemanticdbPlugin),Set(Atom(sbt.plugins.JvmPlugin))), Clause(Atom(sbt.plugins.JUnitXmlReportPlugin),Set(Atom(sbt.plugins.JvmPlugin))), Clause(Atom(sbt.plugins.MiniDependencyTreePlugin),Set(Atom(sbt.plugins.JvmPlugin))), Clause(Atom(sbt.plugins.CorePlugin),Set(Atom(sbt.plugins.IvyPlugin))), Clause(Atom(sbt.plugins.IvyPlugin),Set(Atom(sbt.plugins.JvmPlugin))), Clause(Atom(sbt.plugins.JvmPlugin),Set(Atom(sbt.plugins.SemanticdbPlugin))), Clause(Atom(sbt.plugins.JvmPlugin),Set(Atom(sbt.plugins.JUnitXmlReportPlugin))), Clause(Atom(sbt.plugins.CorePlugin),Set(Atom(sbt.plugins.Giter8TemplatePlugin))), Clause(Atom(sbt.plugins.JvmPlugin),Set(Atom(sbt.plugins.MiniDependencyTreePlugin)))))
[debug]   :: deduced result: Matched(sbt.plugins.CorePlugin,sbt.plugins.Giter8TemplatePlugin,sbt.plugins.IvyPlugin,sbt.plugins.JvmPlugin,sbt.plugins.MiniDependencyTreePlugin,sbt.plugins.JUnitXmlReportPlugin,sbt.plugins.SemanticdbPlugin)
[debug] Plugins.deducer#function took 13.5446 ms
[debug]           Load.resolveProject(global-plugins) took 30.2342ms
[debug]         Load.loadTransitive: finalizeProject(Project(id global-plugins, base: C:\Users\Alibek\.sbt\1.0\plugins, plugins: List(<none>))) took 61.0158ms
[debug] [Loading] Done in C:\Users\Alibek\.sbt\1.0\plugins, returning: (global-plugins)
[debug]       Load.loadUnit: loadedProjectsRaw took 77.1677ms
[debug]       Load.loadUnit: cleanEvalClasses took 0.1553ms
[debug]     Load.loadUnit(file:/C:/Users/Alibek/.sbt/1.0/plugins/, ...) took 154.5809ms
[debug]   Load.apply: load took 273.616499ms
[debug]   Load.apply: resolveProjects took 4.2476ms
[debug]   Load.apply: finalTransforms took 41.584101ms
[debug]   Load.apply: config.delegates took 4.8936ms
[debug]   Load.apply: Def.make(settings)... took 493.6343ms
[debug]   Load.apply: structureIndex took 64.4649ms
[debug]   Load.apply: mkStreams took 1.216601ms
[info] loading global plugins from C:\Users\Alibek\.sbt\1.0\plugins
[debug] Running task... Cancel: Signal, check cycles: false, forcegc: true
[debug] Load.defaultLoad until apply took 1778.278501ms
[debug]           Load.loadUnit: plugins took 15.3151ms
[debug]           Load.loadUnit: defsScala took 0.002499ms
[debug] [Loading] Scanning directory C:\Users\Alibek\IdeaProjects\akka_http\calculator\project
[debug] [Loading] Found non-root projects 
[debug] [Loading] Done in C:\Users\Alibek\IdeaProjects\akka_http\calculator\project, returning: ()
[debug] deducing auto plugins based on known facts Set(Atom(sbt.plugins.CorePlugin)) and clauses Clauses(List(Clause(Atom(sbt.plugins.JvmPlugin),Set(Atom(sbt.plugins.IvyPlugin))), Clause(Atom(sbt.ScriptedPlugin),Set(Atom(sbt.plugins.JvmPlugin))), Clause(Atom(sbt.plugins.SbtPlugin),Set(Atom(sbt.ScriptedPlugin))), Clause(Atom(sbt.plugins.SemanticdbPlugin),Set(Atom(sbt.plugins.JvmPlugin))), Clause(Atom(sbt.plugins.JUnitXmlReportPlugin),Set(Atom(sbt.plugins.JvmPlugin))), Clause(Atom(sbt.plugins.MiniDependencyTreePlugin),Set(Atom(sbt.plugins.JvmPlugin))), Clause(Atom(sbt.plugins.CorePlugin),Set(Atom(sbt.plugins.IvyPlugin))), Clause(Atom(sbt.plugins.IvyPlugin),Set(Atom(sbt.plugins.JvmPlugin))), Clause(Atom(sbt.plugins.JvmPlugin),Set(Atom(sbt.plugins.SemanticdbPlugin))), Clause(Atom(sbt.plugins.JvmPlugin),Set(Atom(sbt.plugins.JUnitXmlReportPlugin))), Clause(Atom(sbt.plugins.CorePlugin),Set(Atom(sbt.plugins.Giter8TemplatePlugin))), Clause(Atom(sbt.plugins.JvmPlugin),Set(Atom(sbt.plugins.MiniDependencyTreePlugin)))))
[debug]   :: deduced result: Matched(sbt.plugins.CorePlugin,sbt.plugins.Giter8TemplatePlugin,sbt.plugins.IvyPlugin,sbt.plugins.JvmPlugin,sbt.plugins.MiniDependencyTreePlugin,sbt.plugins.JUnitXmlReportPlugin,sbt.plugins.SemanticdbPlugin)
[debug] Plugins.deducer#function took 1.073301 ms
[debug]               Load.resolveProject(calculator-build) took 0.836ms
[debug]             Load.loadTransitive: finalizeProject(Project(id calculator-build, base: C:\Users\Alibek\IdeaProjects\akka_http\calculator\project, plugins: List(<none>))) took 2.2172ms
[debug] [Loading] Done in C:\Users\Alibek\IdeaProjects\akka_http\calculator\project, returning: (calculator-build)
[debug]           Load.loadUnit: loadedProjectsRaw took 3.5336ms
[debug]           Load.loadUnit: cleanEvalClasses took 0.0073ms
[debug]         Load.loadUnit(file:/C:/Users/Alibek/IdeaProjects/akka_http/calculator/project/, ...) took 19.446499ms
[debug]       Load.apply: load took 20.5683ms
[debug]       Load.apply: resolveProjects took 0.078299ms
[debug]       Load.apply: finalTransforms took 9.5597ms
[debug]       Load.apply: config.delegates took 0.435899ms
[debug]       Load.apply: Def.make(settings)... took 56.1885ms
[debug]       Load.apply: structureIndex took 23.9094ms
[debug]       Load.apply: mkStreams took 0.002099ms
[info] loading project definition from C:\Users\Alibek\IdeaProjects\akka_http\calculator\project
[debug] Running task... Cancel: Signal, check cycles: false, forcegc: true
[debug]     Load.loadUnit: plugins took 267.163ms
[debug]     Load.loadUnit: defsScala took 0.0026ms
[debug] [Loading] Scanning directory C:\Users\Alibek\IdeaProjects\akka_http\calculator
[debug]       Load.loadUnit: mkEval took 3.4659ms
[debug] [Loading] Found non-root projects 
[debug] [Loading] Done in C:\Users\Alibek\IdeaProjects\akka_http\calculator, returning: ()
[debug] deducing auto plugins based on known facts Set(Atom(sbt.plugins.CorePlugin)) and clauses Clauses(List(Clause(Atom(sbt.plugins.JvmPlugin),Set(Atom(sbt.plugins.IvyPlugin))), Clause(Atom(sbt.ScriptedPlugin),Set(Atom(sbt.plugins.JvmPlugin))), Clause(Atom(sbt.plugins.SbtPlugin),Set(Atom(sbt.ScriptedPlugin))), Clause(Atom(sbt.plugins.SemanticdbPlugin),Set(Atom(sbt.plugins.JvmPlugin))), Clause(Atom(sbt.plugins.JUnitXmlReportPlugin),Set(Atom(sbt.plugins.JvmPlugin))), Clause(Atom(sbt.plugins.MiniDependencyTreePlugin),Set(Atom(sbt.plugins.JvmPlugin))), Clause(Atom(sbt.plugins.CorePlugin),Set(Atom(sbt.plugins.IvyPlugin))), Clause(Atom(sbt.plugins.IvyPlugin),Set(Atom(sbt.plugins.JvmPlugin))), Clause(Atom(sbt.plugins.JvmPlugin),Set(Atom(sbt.plugins.SemanticdbPlugin))), Clause(Atom(sbt.plugins.JvmPlugin),Set(Atom(sbt.plugins.JUnitXmlReportPlugin))), Clause(Atom(sbt.plugins.CorePlugin),Set(Atom(sbt.plugins.Giter8TemplatePlugin))), Clause(Atom(sbt.plugins.JvmPlugin),Set(Atom(sbt.plugins.MiniDependencyTreePlugin)))))
[debug]   :: deduced result: Matched(sbt.plugins.CorePlugin,sbt.plugins.Giter8TemplatePlugin,sbt.plugins.IvyPlugin,sbt.plugins.JvmPlugin,sbt.plugins.MiniDependencyTreePlugin,sbt.plugins.JUnitXmlReportPlugin,sbt.plugins.SemanticdbPlugin)
[debug] Plugins.deducer#function took 0.877701 ms
[info] loading settings for project calculator from build.sbt ...
[debug]         Load.resolveProject(calculator) took 1.8124ms
[debug]       Load.loadTransitive: finalizeProject(Project(id calculator, base: C:\Users\Alibek\IdeaProjects\akka_http\calculator, plugins: List(<none>))) took 3.0248ms
[debug] [Loading] Done in C:\Users\Alibek\IdeaProjects\akka_http\calculator, returning: (calculator)
[debug]     Load.loadUnit: loadedProjectsRaw took 102.194301ms
[debug]     Load.loadUnit: cleanEvalClasses took 9.869099ms
[debug]   Load.loadUnit(file:/C:/Users/Alibek/IdeaProjects/akka_http/calculator/, ...) took 379.9839ms
[debug] Load.apply: load took 381.524ms
[debug] Load.apply: resolveProjects took 0.131399ms
[debug] Load.apply: finalTransforms took 6.203099ms
[debug] Load.apply: config.delegates took 0.3217ms
[debug] Load.apply: Def.make(settings)... took 68.810001ms
[debug] Load.apply: structureIndex took 21.4015ms
[debug] Load.apply: mkStreams took 0.0018ms
[info] set current project to calculator (in build file:/C:/Users/Alibek/IdeaProjects/akka_http/calculator/)
[debug] > Exec(sbtPopOnFailure, None, None)
[debug] > Exec(resumeFromFailure, None, None)
[debug] > Exec(notifyUsersAboutShell, None, None)
[debug] > Exec(iflast shell, None, None)
[debug] > Exec(run, None, None)
[debug] Evaluating tasks: Compile / run
[debug] Running task... Cancel: Signal, check cycles: false, forcegc: true
[info] compiling 1 Scala source to C:\Users\Alibek\IdeaProjects\akka_http\calculator\target\scala-2.13\classes ...
[warn] 1 deprecation (since 2.13.0); re-run with -deprecation for details
[warn] one warning found
[info] done compiling
