[debug] > Exec(early(addDefaultCommands), None, None)
[debug] > Exec(addDefaultCommands, None, None)
[debug] > Exec(early(initialize), None, None)
[debug] > Exec(initialize, None, None)
[debug] > Exec(boot, None, None)
[debug] > Exec(writeSbtVersion, None, None)
[debug] > Exec(reload, None, None)
[debug] > Exec(sbtStashOnFailure, None, None)
[debug] > Exec(onFailure loadFailed, None, None)
[debug] > Exec(loadp, None, None)
[info] welcome to sbt 1.4.1 (Oracle Corporation Java 15.0.1)
[debug]       Load.loadUnit: plugins took 82.9206ms
[debug]       Load.loadUnit: defsScala took 0.2293ms
[debug] [Loading] Scanning directory C:\Users\Alibek\.sbt\1.0\plugins
[debug] [Loading] Found non-root projects 
[debug] [Loading] Done in C:\Users\Alibek\.sbt\1.0\plugins, returning: ()
[debug] deducing auto plugins based on known facts Set(Atom(sbt.plugins.CorePlugin)) and clauses Clauses(List(Clause(Atom(sbt.plugins.JvmPlugin),Set(Atom(sbt.plugins.IvyPlugin))), Clause(Atom(sbt.ScriptedPlugin),Set(Atom(sbt.plugins.JvmPlugin))), Clause(Atom(sbt.plugins.SbtPlugin),Set(Atom(sbt.ScriptedPlugin))), Clause(Atom(sbt.plugins.SemanticdbPlugin),Set(Atom(sbt.plugins.JvmPlugin))), Clause(Atom(sbt.plugins.JUnitXmlReportPlugin),Set(Atom(sbt.plugins.JvmPlugin))), Clause(Atom(sbt.plugins.MiniDependencyTreePlugin),Set(Atom(sbt.plugins.JvmPlugin))), Clause(Atom(sbt.plugins.CorePlugin),Set(Atom(sbt.plugins.IvyPlugin))), Clause(Atom(sbt.plugins.IvyPlugin),Set(Atom(sbt.plugins.JvmPlugin))), Clause(Atom(sbt.plugins.JvmPlugin),Set(Atom(sbt.plugins.SemanticdbPlugin))), Clause(Atom(sbt.plugins.JvmPlugin),Set(Atom(sbt.plugins.JUnitXmlReportPlugin))), Clause(Atom(sbt.plugins.CorePlugin),Set(Atom(sbt.plugins.Giter8TemplatePlugin))), Clause(Atom(sbt.plugins.JvmPlugin),Set(Atom(sbt.plugins.MiniDependencyTreePlugin)))))
[debug]   :: deduced result: Matched(sbt.plugins.CorePlugin,sbt.plugins.Giter8TemplatePlugin,sbt.plugins.IvyPlugin,sbt.plugins.JvmPlugin,sbt.plugins.MiniDependencyTreePlugin,sbt.plugins.JUnitXmlReportPlugin,sbt.plugins.SemanticdbPlugin)
[debug] Plugins.deducer#function took 13.8726 ms
[debug]           Load.resolveProject(global-plugins) took 32.7005ms
[debug]         Load.loadTransitive: finalizeProject(Project(id global-plugins, base: C:\Users\Alibek\.sbt\1.0\plugins, plugins: List(<none>))) took 62.7421ms
[debug] [Loading] Done in C:\Users\Alibek\.sbt\1.0\plugins, returning: (global-plugins)
[debug]       Load.loadUnit: loadedProjectsRaw took 77.4844ms
[debug]       Load.loadUnit: cleanEvalClasses took 0.2003ms
[debug]     Load.loadUnit(file:/C:/Users/Alibek/.sbt/1.0/plugins/, ...) took 167.666ms
[debug]   Load.apply: load took 308.3121ms
[debug]   Load.apply: resolveProjects took 7.7202ms
[debug]   Load.apply: finalTransforms took 49.3163ms
[debug]   Load.apply: config.delegates took 5.1019ms
[debug]   Load.apply: Def.make(settings)... took 584.1929ms
[debug]   Load.apply: structureIndex took 73.3403ms
[debug]   Load.apply: mkStreams took 1.0124ms
[info] loading global plugins from C:\Users\Alibek\.sbt\1.0\plugins
[debug] Running task... Cancel: Signal, check cycles: false, forcegc: true
[debug] Load.defaultLoad until apply took 1982.5641ms
[debug]           Load.loadUnit: plugins took 15.8945ms
[debug]           Load.loadUnit: defsScala took 0.0029ms
[debug] [Loading] Scanning directory C:\Users\Alibek\IdeaProjects\akka_http\calculator\project
[debug] [Loading] Found non-root projects 
[debug] [Loading] Done in C:\Users\Alibek\IdeaProjects\akka_http\calculator\project, returning: ()
[debug] deducing auto plugins based on known facts Set(Atom(sbt.plugins.CorePlugin)) and clauses Clauses(List(Clause(Atom(sbt.plugins.JvmPlugin),Set(Atom(sbt.plugins.IvyPlugin))), Clause(Atom(sbt.ScriptedPlugin),Set(Atom(sbt.plugins.JvmPlugin))), Clause(Atom(sbt.plugins.SbtPlugin),Set(Atom(sbt.ScriptedPlugin))), Clause(Atom(sbt.plugins.SemanticdbPlugin),Set(Atom(sbt.plugins.JvmPlugin))), Clause(Atom(sbt.plugins.JUnitXmlReportPlugin),Set(Atom(sbt.plugins.JvmPlugin))), Clause(Atom(sbt.plugins.MiniDependencyTreePlugin),Set(Atom(sbt.plugins.JvmPlugin))), Clause(Atom(sbt.plugins.CorePlugin),Set(Atom(sbt.plugins.IvyPlugin))), Clause(Atom(sbt.plugins.IvyPlugin),Set(Atom(sbt.plugins.JvmPlugin))), Clause(Atom(sbt.plugins.JvmPlugin),Set(Atom(sbt.plugins.SemanticdbPlugin))), Clause(Atom(sbt.plugins.JvmPlugin),Set(Atom(sbt.plugins.JUnitXmlReportPlugin))), Clause(Atom(sbt.plugins.CorePlugin),Set(Atom(sbt.plugins.Giter8TemplatePlugin))), Clause(Atom(sbt.plugins.JvmPlugin),Set(Atom(sbt.plugins.MiniDependencyTreePlugin)))))
[debug]   :: deduced result: Matched(sbt.plugins.CorePlugin,sbt.plugins.Giter8TemplatePlugin,sbt.plugins.IvyPlugin,sbt.plugins.JvmPlugin,sbt.plugins.MiniDependencyTreePlugin,sbt.plugins.JUnitXmlReportPlugin,sbt.plugins.SemanticdbPlugin)
[debug] Plugins.deducer#function took 1.4788 ms
[debug]               Load.resolveProject(calculator-build) took 1.1387ms
[debug]             Load.loadTransitive: finalizeProject(Project(id calculator-build, base: C:\Users\Alibek\IdeaProjects\akka_http\calculator\project, plugins: List(<none>))) took 2.9747ms
[debug] [Loading] Done in C:\Users\Alibek\IdeaProjects\akka_http\calculator\project, returning: (calculator-build)
[debug]           Load.loadUnit: loadedProjectsRaw took 4.4944ms
[debug]           Load.loadUnit: cleanEvalClasses took 0.0088ms
[debug]         Load.loadUnit(file:/C:/Users/Alibek/IdeaProjects/akka_http/calculator/project/, ...) took 20.902ms
[debug]       Load.apply: load took 21.9251ms
[debug]       Load.apply: resolveProjects took 0.0844ms
[debug]       Load.apply: finalTransforms took 7.179ms
[debug]       Load.apply: config.delegates took 0.2532ms
[debug]       Load.apply: Def.make(settings)... took 57.7861ms
[debug]       Load.apply: structureIndex took 23.6355ms
[debug]       Load.apply: mkStreams took 0.0026ms
[info] loading project definition from C:\Users\Alibek\IdeaProjects\akka_http\calculator\project
[debug] Running task... Cancel: Signal, check cycles: false, forcegc: true
[debug]     Load.loadUnit: plugins took 267.5549ms
[debug]     Load.loadUnit: defsScala took 0.0022ms
[debug] [Loading] Scanning directory C:\Users\Alibek\IdeaProjects\akka_http\calculator
[debug]       Load.loadUnit: mkEval took 4.2458ms
[debug] [Loading] Found non-root projects 
[debug] [Loading] Done in C:\Users\Alibek\IdeaProjects\akka_http\calculator, returning: ()
[debug] deducing auto plugins based on known facts Set(Atom(sbt.plugins.CorePlugin)) and clauses Clauses(List(Clause(Atom(sbt.plugins.JvmPlugin),Set(Atom(sbt.plugins.IvyPlugin))), Clause(Atom(sbt.ScriptedPlugin),Set(Atom(sbt.plugins.JvmPlugin))), Clause(Atom(sbt.plugins.SbtPlugin),Set(Atom(sbt.ScriptedPlugin))), Clause(Atom(sbt.plugins.SemanticdbPlugin),Set(Atom(sbt.plugins.JvmPlugin))), Clause(Atom(sbt.plugins.JUnitXmlReportPlugin),Set(Atom(sbt.plugins.JvmPlugin))), Clause(Atom(sbt.plugins.MiniDependencyTreePlugin),Set(Atom(sbt.plugins.JvmPlugin))), Clause(Atom(sbt.plugins.CorePlugin),Set(Atom(sbt.plugins.IvyPlugin))), Clause(Atom(sbt.plugins.IvyPlugin),Set(Atom(sbt.plugins.JvmPlugin))), Clause(Atom(sbt.plugins.JvmPlugin),Set(Atom(sbt.plugins.SemanticdbPlugin))), Clause(Atom(sbt.plugins.JvmPlugin),Set(Atom(sbt.plugins.JUnitXmlReportPlugin))), Clause(Atom(sbt.plugins.CorePlugin),Set(Atom(sbt.plugins.Giter8TemplatePlugin))), Clause(Atom(sbt.plugins.JvmPlugin),Set(Atom(sbt.plugins.MiniDependencyTreePlugin)))))
[debug]   :: deduced result: Matched(sbt.plugins.CorePlugin,sbt.plugins.Giter8TemplatePlugin,sbt.plugins.IvyPlugin,sbt.plugins.JvmPlugin,sbt.plugins.MiniDependencyTreePlugin,sbt.plugins.JUnitXmlReportPlugin,sbt.plugins.SemanticdbPlugin)
[debug] Plugins.deducer#function took 0.9521 ms
[info] loading settings for project calculator from build.sbt ...
[debug]         Load.resolveProject(calculator) took 1.9391ms
[debug]       Load.loadTransitive: finalizeProject(Project(id calculator, base: C:\Users\Alibek\IdeaProjects\akka_http\calculator, plugins: List(<none>))) took 3.2705ms
[debug] [Loading] Done in C:\Users\Alibek\IdeaProjects\akka_http\calculator, returning: (calculator)
[debug]     Load.loadUnit: loadedProjectsRaw took 105.7621ms
[debug]     Load.loadUnit: cleanEvalClasses took 8.5002ms
[debug]   Load.loadUnit(file:/C:/Users/Alibek/IdeaProjects/akka_http/calculator/, ...) took 382.4785ms
[debug] Load.apply: load took 383.6812ms
[debug] Load.apply: resolveProjects took 0.1197ms
[debug] Load.apply: finalTransforms took 6.9292ms
[debug] Load.apply: config.delegates took 0.3017ms
[debug] Load.apply: Def.make(settings)... took 68.3163ms
[debug] Load.apply: structureIndex took 24.6477ms
[debug] Load.apply: mkStreams took 0.0032ms
[info] set current project to calculator (in build file:/C:/Users/Alibek/IdeaProjects/akka_http/calculator/)
[debug] > Exec(sbtPopOnFailure, None, None)
[debug] > Exec(resumeFromFailure, None, None)
[debug] > Exec(notifyUsersAboutShell, None, None)
[debug] > Exec(iflast shell, None, None)
[debug] > Exec(run, None, None)
[debug] Evaluating tasks: Compile / run
[debug] Running task... Cancel: Signal, check cycles: false, forcegc: true
[info] compiling 1 Scala source to C:\Users\Alibek\IdeaProjects\akka_http\calculator\target\scala-2.13\classes ...
[warn] 1 deprecation (since 2.13.0); re-run with -deprecation for details
[warn] one warning found
[info] done compiling
